2025/05/11 13:00:56 Parsed username from scoreboard: AliNazariii for challenge 1
2025/05/11 13:00:56 Parsed username from scoreboard: RezaSi for challenge 1
2025/05/11 13:00:56 Loaded 2 scoreboard entries for challenge 1
2025/05/11 13:00:56 Parsed username from scoreboard: AliNazariii for challenge 2
2025/05/11 13:00:56 Parsed username from scoreboard: RezaSi for challenge 2
2025/05/11 13:00:56 Loaded 2 scoreboard entries for challenge 2
2025/05/11 13:00:56 Parsed username from scoreboard: AliNazariii for challenge 3
2025/05/11 13:00:56 Parsed username from scoreboard: RezaSi for challenge 3
2025/05/11 13:00:56 Loaded 2 scoreboard entries for challenge 3
2025/05/11 13:00:56 Parsed username from scoreboard: AliNazariii for challenge 4
2025/05/11 13:00:56 Parsed username from scoreboard: RezaSi for challenge 4
2025/05/11 13:00:56 Loaded 2 scoreboard entries for challenge 4
2025/05/11 13:00:56 Parsed username from scoreboard: RezaSi for challenge 5
2025/05/11 13:00:56 Loaded 1 scoreboard entries for challenge 5
2025/05/11 13:00:56 Loaded 0 scoreboard entries for challenge 6
2025/05/11 13:00:56 Loaded 0 scoreboard entries for challenge 7
2025/05/11 13:00:56 Loaded 0 scoreboard entries for challenge 8
2025/05/11 13:00:56 Loaded 0 scoreboard entries for challenge 9
2025/05/11 13:00:56 Loaded 9 challenges
2025/05/11 13:00:56 Server starting on http://localhost:8080
